0 info it worked if it ends with ok
1 verbose cli [ '/usr/local/bin/node',
1 verbose cli   '/usr/local/bin/npm',
1 verbose cli   'update',
1 verbose cli   '-g',
1 verbose cli   'ionic' ]
2 info using npm@1.4.28
3 info using node@v0.10.35
4 verbose node symlink /usr/local/bin/node
5 verbose request where is /ionic
6 verbose request registry https://registry.npmjs.org/
7 verbose request id 40cc437f6de3b8f5
8 verbose url raw /ionic
9 verbose url resolving [ 'https://registry.npmjs.org/', './ionic' ]
10 verbose url resolved https://registry.npmjs.org/ionic
11 verbose request where is https://registry.npmjs.org/ionic
12 info trying registry request attempt 1 at 17:12:47
13 verbose etag "8LSS7P86K66QZML562P2HE631"
14 http GET https://registry.npmjs.org/ionic
15 http 200 https://registry.npmjs.org/ionic
16 silly registry.get cb [ 200,
16 silly registry.get   { date: 'Mon, 12 Jan 2015 23:12:47 GMT',
16 silly registry.get     server: 'CouchDB/1.5.0 (Erlang OTP/R16B03)',
16 silly registry.get     etag: '"CMSPXBH5ZXRJIHJHK0N731Q5V"',
16 silly registry.get     'content-type': 'application/json',
16 silly registry.get     'cache-control': 'max-age=60',
16 silly registry.get     'content-length': '181731',
16 silly registry.get     'accept-ranges': 'bytes',
16 silly registry.get     via: '1.1 varnish',
16 silly registry.get     age: '0',
16 silly registry.get     'x-served-by': 'cache-dfw1820-DFW',
16 silly registry.get     'x-cache': 'HIT',
16 silly registry.get     'x-cache-hits': '1',
16 silly registry.get     'x-timer': 'S1421104367.270799,VS0,VE252',
16 silly registry.get     vary: 'Accept',
16 silly registry.get     'keep-alive': 'timeout=10, max=50',
16 silly registry.get     connection: 'Keep-Alive' } ]
17 info outdated updating [ [ '/usr/local/lib', 'ionic', '1.3.0', '1.3.1', '1.3.1', 'latest' ] ]
18 verbose install where,what [ '/usr/local/lib', [ 'ionic@1.3.1' ] ]
19 verbose cache add [ 'ionic@1.3.1', null ]
20 verbose cache add name=undefined spec="ionic@1.3.1" args=["ionic@1.3.1",null]
21 verbose parsed url { protocol: null,
21 verbose parsed url   slashes: null,
21 verbose parsed url   auth: null,
21 verbose parsed url   host: null,
21 verbose parsed url   port: null,
21 verbose parsed url   hostname: null,
21 verbose parsed url   hash: null,
21 verbose parsed url   search: null,
21 verbose parsed url   query: null,
21 verbose parsed url   pathname: 'ionic@1.3.1',
21 verbose parsed url   path: 'ionic@1.3.1',
21 verbose parsed url   href: 'ionic@1.3.1' }
22 verbose cache add name="ionic" spec="1.3.1" args=["ionic","1.3.1"]
23 verbose parsed url { protocol: null,
23 verbose parsed url   slashes: null,
23 verbose parsed url   auth: null,
23 verbose parsed url   host: null,
23 verbose parsed url   port: null,
23 verbose parsed url   hostname: null,
23 verbose parsed url   hash: null,
23 verbose parsed url   search: null,
23 verbose parsed url   query: null,
23 verbose parsed url   pathname: '1.3.1',
23 verbose parsed url   path: '1.3.1',
23 verbose parsed url   href: '1.3.1' }
24 verbose addNamed [ 'ionic', '1.3.1' ]
25 verbose addNamed [ '1.3.1', '1.3.1' ]
26 silly lockFile 861d3d60-ionic-1-3-1 ionic@1.3.1
27 verbose lock ionic@1.3.1 /Users/sean.obrien2/.npm/861d3d60-ionic-1-3-1.lock
28 silly lockFile 861d3d60-ionic-1-3-1 ionic@1.3.1
29 error Error: Attempt to unlock ionic@1.3.1, which hasn't been locked
29 error     at unlock (/usr/local/lib/node_modules/npm/lib/utils/locker.js:44:11)
29 error     at cb (/usr/local/lib/node_modules/npm/lib/cache/add-named.js:32:5)
29 error     at /usr/local/lib/node_modules/npm/lib/cache/add-named.js:41:20
29 error     at /usr/local/lib/node_modules/npm/lib/utils/locker.js:30:7
29 error     at cb (/usr/local/lib/node_modules/npm/node_modules/lockfile/lockfile.js:149:38)
29 error     at /usr/local/lib/node_modules/npm/node_modules/lockfile/lockfile.js:177:38
29 error     at Object.oncomplete (fs.js:108:15)
30 error If you need help, you may report this *entire* log,
30 error including the npm and node versions, at:
30 error     <http://github.com/npm/npm/issues>
31 error System Darwin 14.0.0
32 error command "/usr/local/bin/node" "/usr/local/bin/npm" "update" "-g" "ionic"
33 error cwd /Users/sean.obrien2/hygge/hygge-ionic
34 error node -v v0.10.35
35 error npm -v 1.4.28
36 verbose exit [ 1, true ]
