2014-12-23 10:40:44.533 Hygge[2954:94237] DiskCookieStorage changing policy from 2 to 0, cookie file: file:///Users/sean.obrien2/Library/Developer/CoreSimulator/Devices/74B7263C-0733-48C0-8992-0F11352BDA81/data/Containers/Data/Application/8FC42B53-D1ED-4451-BCA2-081952D068C5/Library/Cookies/Cookies.binarycookies
2014-12-23 10:40:45.430 Hygge[2954:94237] Apache Cordova native platform version 3.7.0 is starting.
2014-12-23 10:40:45.431 Hygge[2954:94237] Multi-tasking -> Device: YES, App: YES
2014-12-23 10:40:45.451 Hygge[2954:94237] Unlimited access to network resources
2014-12-23 10:40:45.456 Hygge[2954:94237] 

Started backup to iCloud! Please be careful.
Your application might be rejected by Apple if you store too much data.
For more information please read "iOS Data Storage Guidelines" at:
https://developer.apple.com/icloud/documentation/data-storage/
To disable web storage backup to iCloud, set the BackupWebStorage preference to "local" in the Cordova config.xml file

2014-12-23 10:40:48.249 Hygge[2954:94237] Resetting plugins due to page load.
2014-12-23 10:40:48.482 Hygge[2954:94237] Finished load of: file:///Users/sean.obrien2/Library/Developer/CoreSimulator/Devices/74B7263C-0733-48C0-8992-0F11352BDA81/data/Containers/Bundle/Application/A5CD13CE-65A4-487B-BD00-3AFBDB3225D2/Hygge.app/www/index.html
2014-12-23 10:40:48.578 Hygge[2954:94418] [DOM] registerDelegateCallbackId()
2014-12-23 10:40:48.578 Hygge[2954:94237] peripheralManagerDidUpdateState() state: PeripheralManagerStateUnsupported
2014-12-23 10:40:48.578 Hygge[2954:94419] peripheralManagerDidUpdateState: PeripheralManagerStateUnsupported
2014-12-23 10:40:48.578 Hygge[2954:94419] Converted peripheralManagerDidUpdateState: into peripheralManagerDidUpdateState
2014-12-23 10:40:48.579 Hygge[2954:94419] Invalid callback id received by sendPluginResult
2014-12-23 10:40:48.581 Hygge[2954:94419] Registering delegate callback ID: LocationManager1960335737
2014-12-23 10:40:48.581 Hygge[2954:94237] didChangeAuthorizationStatus
2014-12-23 10:40:48.581 Hygge[2954:94237] didChangeAuthorizationStatus: 0 => AuthorizationStatusNotDetermined
2014-12-23 10:40:48.581 Hygge[2954:94237] Converted locationManager:didChangeAuthorizationStatus: into didChangeAuthorizationStatus
2014-12-23 10:40:48.582 Hygge[2954:94420] [DOM] _onDelegateCallback() null
2014-12-23 10:40:48.583 Hygge[2954:94420] [DOM] _onDelegateCallback() {"eventType":"didChangeAuthorizationStatus","status":"AuthorizationStatusNotDetermined"}
2014-12-23 10:40:48.583 Hygge[2954:94419] [DOM] _mapDelegateCallback() found eventType didChangeAuthorizationStatus
2014-12-23 10:40:48.608 Hygge[2954:94237] THREAD WARNING: ['Device'] took '22.578613' ms. Plugin should use a background thread.
2014-12-23 10:40:48.628 Hygge[2954:94420] monitoringDidFailForRegion: Error Domain=kCLErrorDomain Code=5 "The operation couldn’t be completed. (kCLErrorDomain error 5.)"
2014-12-23 10:40:48.628 Hygge[2954:94420] Converted locationManager:monitoringDidFailForRegion:withError: into monitoringDidFailForRegionWithError
2014-12-23 10:41:56.112 Hygge[3164:96032] DiskCookieStorage changing policy from 2 to 0, cookie file: file:///Users/sean.obrien2/Library/Developer/CoreSimulator/Devices/74B7263C-0733-48C0-8992-0F11352BDA81/data/Containers/Data/Application/A8685770-65E5-4C16-9FA6-6FEEA9D0C07A/Library/Cookies/Cookies.binarycookies
2014-12-23 10:41:56.284 Hygge[3164:96032] Apache Cordova native platform version 3.7.0 is starting.
2014-12-23 10:41:56.285 Hygge[3164:96032] Multi-tasking -> Device: YES, App: YES
2014-12-23 10:41:56.286 Hygge[3164:96032] Unlimited access to network resources
2014-12-23 10:41:56.289 Hygge[3164:96032] 

Started backup to iCloud! Please be careful.
Your application might be rejected by Apple if you store too much data.
For more information please read "iOS Data Storage Guidelines" at:
https://developer.apple.com/icloud/documentation/data-storage/
To disable web storage backup to iCloud, set the BackupWebStorage preference to "local" in the Cordova config.xml file

2014-12-23 10:41:56.705 Hygge[3164:96032] Resetting plugins due to page load.
2014-12-23 10:41:56.773 Hygge[3164:96032] Finished load of: file:///Users/sean.obrien2/Library/Developer/CoreSimulator/Devices/74B7263C-0733-48C0-8992-0F11352BDA81/data/Containers/Bundle/Application/FDC031CC-2848-4284-8DD7-2A04F367DB5A/Hygge.app/www/index.html
2014-12-23 10:41:56.813 Hygge[3164:96067] [DOM] registerDelegateCallbackId()
2014-12-23 10:41:56.813 Hygge[3164:96032] peripheralManagerDidUpdateState() state: PeripheralManagerStateUnsupported
2014-12-23 10:41:56.813 Hygge[3164:96066] peripheralManagerDidUpdateState: PeripheralManagerStateUnsupported
2014-12-23 10:41:56.813 Hygge[3164:96066] Converted peripheralManagerDidUpdateState: into peripheralManagerDidUpdateState
2014-12-23 10:41:56.813 Hygge[3164:96066] Invalid callback id received by sendPluginResult
2014-12-23 10:41:56.816 Hygge[3164:96065] Registering delegate callback ID: LocationManager102232541
2014-12-23 10:41:56.816 Hygge[3164:96032] didChangeAuthorizationStatus
2014-12-23 10:41:56.816 Hygge[3164:96032] didChangeAuthorizationStatus: 0 => AuthorizationStatusNotDetermined
2014-12-23 10:41:56.816 Hygge[3164:96032] Converted locationManager:didChangeAuthorizationStatus: into didChangeAuthorizationStatus
2014-12-23 10:41:56.817 Hygge[3164:96066] [DOM] _onDelegateCallback() null
2014-12-23 10:41:56.817 Hygge[3164:96066] [DOM] _onDelegateCallback() {"eventType":"didChangeAuthorizationStatus","status":"AuthorizationStatusNotDetermined"}
2014-12-23 10:41:56.817 Hygge[3164:96065] [DOM] _mapDelegateCallback() found eventType didChangeAuthorizationStatus
2014-12-23 10:41:56.834 Hygge[3164:96066] monitoringDidFailForRegion: Error Domain=kCLErrorDomain Code=5 "The operation couldn’t be completed. (kCLErrorDomain error 5.)"
2014-12-23 10:41:56.834 Hygge[3164:96066] Converted locationManager:monitoringDidFailForRegion:withError: into monitoringDidFailForRegionWithError
2014-12-23 10:42:00.956 Hygge[3164:96032] didChangeAuthorizationStatus
2014-12-23 10:42:00.957 Hygge[3164:96032] didChangeAuthorizationStatus: 3 => AuthorizationStatusAuthorized
2014-12-23 10:42:00.957 Hygge[3164:96032] Converted locationManager:didChangeAuthorizationStatus: into didChangeAuthorizationStatus
2014-12-23 10:42:00.958 Hygge[3164:96065] [DOM] _onDelegateCallback() {"eventType":"didChangeAuthorizationStatus","status":"AuthorizationStatusAuthorized"}
2014-12-23 10:42:00.958 Hygge[3164:96067] [DOM] DEFAULT didChangeAuthorizationStatus()
2014-12-23 10:42:00.958 Hygge[3164:96066] [DOM] _mapDelegateCallback() found eventType didChangeAuthorizationStatus
